   Compiling libc v0.2.79
   Compiling cfg-if v0.1.10
   Compiling proc-macro2 v1.0.24
   Compiling unicode-xid v0.2.1
   Compiling autocfg v1.0.1
   Compiling syn v1.0.42
   Compiling lazy_static v1.4.0
   Compiling bitflags v1.2.1
   Compiling log v0.4.11
   Compiling byteorder v1.3.4
   Compiling xml-rs v0.8.3
   Compiling pkg-config v0.3.18
   Compiling version_check v0.9.2
   Compiling once_cell v1.4.1
   Compiling maybe-uninit v2.0.0
   Compiling memchr v2.3.3
   Compiling khronos_api v3.1.0
   Compiling serde_derive v1.0.116
   Compiling scopeguard v1.1.0
   Compiling serde v1.0.116
   Compiling slab v0.4.2
   Compiling libloading v0.6.3
   Compiling cc v1.0.60
   Compiling nix v0.18.0
   Compiling unicode-segmentation v1.6.0
   Compiling getrandom v0.1.15
   Compiling smallvec v1.4.2
   Compiling pin-project-internal v0.4.26
   Compiling tinyvec v0.3.4
   Compiling proc-macro-nested v0.1.6
   Compiling percent-encoding v2.1.0
   Compiling futures-core v0.3.6
   Compiling futures-sink v0.3.6
   Compiling matches v0.1.8
   Compiling proc-macro-hack v0.5.18
   Compiling scoped-tls v1.0.0
   Compiling pin-utils v0.1.0
   Compiling ppv-lite86 v0.2.9
   Compiling ryu v1.0.5
   Compiling futures-io v0.3.6
   Compiling unicode-width v0.1.8
   Compiling downcast-rs v1.2.0
   Compiling serde_json v1.0.58
   Compiling typenum v1.12.0
   Compiling strsim v0.8.0
   Compiling ttf-parser v0.6.2
   Compiling rayon-core v1.8.1
   Compiling vec_map v0.8.2
   Compiling gimli v0.22.0
   Compiling anyhow v1.0.33
   Compiling ansi_term v0.11.0
   Compiling adler v0.2.3
   Compiling same-file v1.0.6
   Compiling itoa v0.4.6
   Compiling rustc-demangle v0.1.17
   Compiling either v1.6.1
   Compiling rustc-hash v1.1.0
   Compiling object v0.20.0
   Compiling base64 v0.12.3
   Compiling termcolor v1.1.0
   Compiling linked-hash-map v0.5.3
   Compiling adler32 v1.2.0
   Compiling lazycell v1.3.0
   Compiling ab_glyph_rasterizer v0.1.3
   Compiling maplit v1.0.2
   Compiling xdg v2.2.0
   Compiling dyn-clone v1.0.2
   Compiling crc32fast v1.2.0
   Compiling nix v0.15.0
   Compiling winit v0.23.0
   Compiling byte-tools v0.3.1
   Compiling void v1.0.2
   Compiling color_quant v1.0.1
   Compiling weezl v0.1.1
   Compiling httparse v1.3.4
   Compiling lzw v0.10.0
   Compiling cpal v0.12.1
   Compiling bytemuck v1.4.1
   Compiling opaque-debug v0.2.3
   Compiling scoped_threadpool v0.1.9
   Compiling fake-simd v0.1.2
   Compiling hound v3.4.0
   Compiling claxon v0.4.3
   Compiling geng-ui-macros v0.7.0-alpha.0
   Compiling instant v0.1.7
   Compiling thread_local v1.0.1
   Compiling futures-task v0.3.6
   Compiling lock_api v0.4.1
   Compiling proc-macro-error-attr v1.0.4
   Compiling proc-macro-error v1.0.4
   Compiling nom v5.1.2
   Compiling num-traits v0.2.12
   Compiling crossbeam-utils v0.7.2
   Compiling memoffset v0.5.6
   Compiling crossbeam-epoch v0.8.2
   Compiling num-integer v0.1.43
   Compiling miniz_oxide v0.4.3
   Compiling rayon v1.4.1
   Compiling num-iter v0.1.41
   Compiling num-rational v0.3.0
   Compiling unicode-bidi v0.3.4
   Compiling futures-channel v0.3.6
   Compiling wayland-sys v0.28.0
   Compiling x11-dl v2.18.5
   Compiling alsa-sys v0.3.0
   Compiling heck v0.3.1
   Compiling unicode-normalization v0.1.13
   Compiling textwrap v0.11.0
   Compiling walkdir v2.3.1
   Compiling itertools v0.9.0
   Compiling miniz_oxide v0.3.7
   Compiling block-padding v0.1.5
   Compiling gif v0.11.1
   Compiling owned_ttf_parser v0.6.0
   Compiling tinyfiledialogs v3.3.10
   Compiling minimp3-sys v0.3.2
   Compiling idna v0.2.0
   Compiling quote v1.0.7
   Compiling addr2line v0.13.0
   Compiling deflate v0.8.6
   Compiling tiff v0.5.0
   Compiling ogg v0.7.0
   Compiling gl_generator v0.14.0
   Compiling dlib v0.4.2
   Compiling wayland-scanner v0.28.0
   Compiling url v2.1.1
   Compiling generic-array v0.12.3
   Compiling crossbeam-channel v0.4.4
   Compiling num_cpus v1.13.0
   Compiling iovec v0.1.4
   Compiling atty v0.2.14
   Compiling net2 v0.2.35
   Compiling time v0.1.44
   Compiling memmap v0.7.0
   Compiling parking_lot_core v0.8.0
   Compiling shared_library v0.1.9
   Compiling raw-window-handle v0.3.3
   Compiling slice-deque v0.3.0
   Compiling inotify-sys v0.1.3
   Compiling filetime v0.2.12
   Compiling png v0.16.7
   Compiling lewton v0.10.1
   Compiling backtrace v0.3.51
   Compiling num-traits v0.1.43
   Compiling digest v0.8.1
   Compiling block-buffer v0.7.3
   Compiling crossbeam-deque v0.7.3
   Compiling threadpool v1.8.1
   Compiling rand_core v0.5.1
   Compiling bytes v0.4.12
   Compiling clap v2.33.3
   Compiling glutin_egl_sys v0.1.5
   Compiling gl v0.14.0
   Compiling glutin_glx_sys v0.1.7
   Compiling mio v0.6.22
   Compiling parking_lot v0.11.0
   Compiling osmesa-sys v0.1.2
   Compiling xcursor v0.3.2
   Compiling inotify v0.7.1
   Compiling line_drawing v0.8.0
   Compiling minimp3 v0.5.0
   Compiling wayland-client v0.28.0
   Compiling wayland-protocols v0.28.0
   Compiling sha-1 v0.8.2
   Compiling chrono v0.4.19
   Compiling rusttype v0.9.2
   Compiling rand_chacha v0.2.2
   Compiling mio-extras v2.0.6
   Compiling wayland-commons v0.28.0
   Compiling calloop v0.6.5
   Compiling alsa v0.4.2
   Compiling rand v0.7.3
   Compiling notify v4.0.15
   Compiling andrew v0.3.0
   Compiling stderrlog v0.5.0
   Compiling ws v0.9.1
   Compiling wayland-cursor v0.28.0
   Compiling wayland-egl v0.28.0
   Compiling thiserror-impl v1.0.21
   Compiling futures-macro v0.3.6
   Compiling structopt-derive v0.4.12
   Compiling trans-derive v0.4.0-alpha.0
   Compiling batbox-derive v0.6.0-alpha.0
   Compiling async-trait v0.1.41
   Compiling derivative v2.1.1
   Compiling trans-derive v0.4.0-alpha.0 (https://github.com/kuviman/trans-gen#04e2443f)
   Compiling jpeg-decoder v0.1.20
   Compiling trans v0.4.0-alpha.0
   Compiling image v0.23.10
   Compiling thiserror v1.0.21
   Compiling trans v0.4.0-alpha.0 (https://github.com/kuviman/trans-gen#04e2443f)
   Compiling trans-gen v0.4.0-alpha.0 (https://github.com/kuviman/trans-gen#04e2443f)
   Compiling structopt v0.3.19
   Compiling rodio v0.12.0
   Compiling pin-project v0.4.26
   Compiling futures-util v0.3.6
   Compiling smithay-client-toolkit v0.12.0
   Compiling futures-executor v0.3.6
   Compiling futures v0.3.6
   Compiling bincode v1.3.1
   Compiling ron v0.6.2
   Compiling toml v0.5.6
   Compiling glutin v0.25.0
   Compiling proc-macro-crate v0.1.5
   Compiling batbox v0.6.0-alpha.0
   Compiling num_enum_derive v0.5.1
   Compiling ugli-raw v0.6.0-alpha.0
   Compiling ugli-derive v0.6.0-alpha.0
   Compiling geng-derive v0.7.0-alpha.0
   Compiling num_enum v0.5.1
   Compiling ugli v0.6.0-alpha.0
   Compiling geng v0.7.0-alpha.0
   Compiling codegame v0.7.0-alpha.13 (https://github.com/codeforces/codegame#28af83a0)
   Compiling aicup2019 v1.3.0 (/home/rusherrg/Projects/BE-Project/environment/aicup/raic-2019/app-src)
error: cannot find derive macro `Schematic` in this scope
 --> src/model/action.rs:3:55
  |
3 | #[derive(Debug, Serialize, Deserialize, Clone, Trans, Schematic)]
  |                                                       ^^^^^^^^^

error: cannot find attribute `schematic` in this scope
 --> src/model/action.rs:4:3
  |
4 | #[schematic(rename = "UnitAction")]
  |   ^^^^^^^^^

error: cannot find derive macro `Schematic` in this scope
  --> src/model/action.rs:15:55
   |
15 | #[derive(Debug, Serialize, Deserialize, Clone, Trans, Schematic)]
   |                                                       ^^^^^^^^^

error: cannot find derive macro `Schematic` in this scope
 --> src/model/bullet.rs:3:55
  |
3 | #[derive(Debug, Serialize, Deserialize, Clone, Trans, Schematic)]
  |                                                       ^^^^^^^^^

error: cannot find derive macro `Schematic` in this scope
 --> src/model/custom_data.rs:3:55
  |
3 | #[derive(Debug, Serialize, Deserialize, Clone, Trans, Schematic)]
  |                                                       ^^^^^^^^^

error: cannot find derive macro `Schematic` in this scope
  --> src/model/custom_data.rs:10:61
   |
10 | #[derive(Debug, Serialize, Deserialize, Copy, Clone, Trans, Schematic)]
   |                                                             ^^^^^^^^^

error: cannot find derive macro `Schematic` in this scope
  --> src/model/custom_data.rs:17:55
   |
17 | #[derive(Debug, Serialize, Deserialize, Clone, Trans, Schematic)]
   |                                                       ^^^^^^^^^

error: cannot find derive macro `Schematic` in this scope
   --> src/model/level/mod.rs:184:70
    |
184 | #[derive(Debug, Serialize, Deserialize, Clone, PartialEq, Eq, Trans, Schematic)]
    |                                                                      ^^^^^^^^^

error: cannot find derive macro `Schematic` in this scope
   --> src/model/level/mod.rs:228:76
    |
228 | #[derive(Debug, Serialize, Deserialize, Clone, Diff, PartialEq, Eq, Trans, Schematic)]
    |                                                                            ^^^^^^^^^

error: cannot find derive macro `Schematic` in this scope
 --> src/model/loot.rs:3:55
  |
3 | #[derive(Debug, Serialize, Deserialize, Clone, Trans, Schematic)]
  |                                                       ^^^^^^^^^

error: cannot find derive macro `Schematic` in this scope
  --> src/model/loot.rs:10:55
   |
10 | #[derive(Debug, Serialize, Deserialize, Clone, Trans, Schematic)]
   |                                                       ^^^^^^^^^

error: cannot find derive macro `Schematic` in this scope
 --> src/model/mine.rs:3:70
  |
3 | #[derive(Debug, Serialize, Deserialize, Clone, PartialEq, Eq, Trans, Schematic)]
  |                                                                      ^^^^^^^^^

error: cannot find derive macro `Schematic` in this scope
  --> src/model/mine.rs:11:55
   |
11 | #[derive(Debug, Serialize, Deserialize, Clone, Trans, Schematic)]
   |                                                       ^^^^^^^^^

error: cannot find derive macro `Schematic` in this scope
 --> src/model/properties.rs:3:66
  |
3 | #[derive(Debug, Serialize, Deserialize, Clone, PartialEq, Trans, Schematic)]
  |                                                                  ^^^^^^^^^

error: cannot find derive macro `Schematic` in this scope
 --> src/model/unit.rs:3:55
  |
3 | #[derive(Debug, Serialize, Deserialize, Clone, Trans, Schematic)]
  |                                                       ^^^^^^^^^

error: cannot find derive macro `Schematic` in this scope
  --> src/model/unit.rs:22:55
   |
22 | #[derive(Debug, Serialize, Deserialize, Clone, Trans, Schematic)]
   |                                                       ^^^^^^^^^

error: cannot find derive macro `Schematic` in this scope
 --> src/model/weapon.rs:3:70
  |
3 | #[derive(Debug, Serialize, Deserialize, Clone, PartialEq, Eq, Trans, Schematic)]
  |                                                                      ^^^^^^^^^

error: cannot find derive macro `Schematic` in this scope
 --> src/model/weapon.rs:9:70
  |
9 | #[derive(Debug, Serialize, Deserialize, Clone, PartialEq, Eq, Trans, Schematic)]
  |                                                                      ^^^^^^^^^

error: cannot find derive macro `Schematic` in this scope
  --> src/model/weapon.rs:16:70
   |
16 | #[derive(Debug, Serialize, Deserialize, Clone, PartialEq, Eq, Trans, Schematic)]
   |                                                                      ^^^^^^^^^

error: cannot find derive macro `Schematic` in this scope
  --> src/model/weapon.rs:29:82
   |
29 | #[derive(Debug, Serialize, Deserialize, Clone, Copy, Eq, PartialEq, Hash, Trans, Schematic)]
   |                                                                                  ^^^^^^^^^

error: cannot find derive macro `Schematic` in this scope
  --> src/model/weapon.rs:36:55
   |
36 | #[derive(Debug, Serialize, Deserialize, Clone, Trans, Schematic)]
   |                                                       ^^^^^^^^^

error: cannot find derive macro `Schematic` in this scope
  --> src/model/mod.rs:27:82
   |
27 | #[derive(Debug, Serialize, Deserialize, Clone, Hash, PartialEq, Eq, Copy, Trans, Schematic)]
   |                                                                                  ^^^^^^^^^

error: cannot find derive macro `Schematic` in this scope
  --> src/model/mod.rs:40:55
   |
40 | #[derive(Debug, Serialize, Deserialize, Clone, Trans, Schematic)]
   |                                                       ^^^^^^^^^

error: cannot find derive macro `Schematic` in this scope
  --> src/model/mod.rs:46:61
   |
46 | #[derive(Debug, Serialize, Deserialize, Clone, Diff, Trans, Schematic)]
   |                                                             ^^^^^^^^^

error: cannot find derive macro `Schematic` in this scope
  --> src/model/mod.rs:65:55
   |
65 | #[derive(Debug, Serialize, Deserialize, Clone, Trans, Schematic)]
   |                                                       ^^^^^^^^^

error: cannot find derive macro `Schematic` in this scope
   --> src/model/mod.rs:121:48
    |
121 | #[derive(Debug, Serialize, Deserialize, Clone, Schematic)]
    |                                                ^^^^^^^^^

error: cannot find attribute `schematic` in this scope
   --> src/model/mod.rs:122:3
    |
122 | #[schematic(rename = "Versioned", magic = "ActionWrapper::MAGIC")]
    |   ^^^^^^^^^

error: cannot find derive macro `Schematic` in this scope
   --> src/model/mod.rs:136:55
    |
136 | #[derive(Debug, Serialize, Deserialize, Clone, Trans, Schematic)]
    |                                                       ^^^^^^^^^

error[E0433]: failed to resolve: could not find `TextButton` in `ui`
  --> src/model/options.rs:51:39
   |
51 |                 team_size_button: ui::TextButton::new(geng, theme, String::new(), 32.0),
   |                                       ^^^^^^^^^^ could not find `TextButton` in `ui`

error[E0433]: failed to resolve: could not find `TextButton` in `ui`
  --> src/model/options.rs:53:35
   |
53 |                 level_button: ui::TextButton::new(geng, theme, String::new(), 32.0),
   |                                   ^^^^^^^^^^ could not find `TextButton` in `ui`

error[E0433]: failed to resolve: could not find `TextButton` in `ui`
  --> src/model/options.rs:55:42
   |
55 |                 level_editor_button: ui::TextButton::new(
   |                                          ^^^^^^^^^^ could not find `TextButton` in `ui`

error[E0433]: failed to resolve: use of undeclared type or module `trans_schema`
   --> src/model/mod.rs:128:27
    |
128 |     fn create_schema() -> trans_schema::Schema {
    |                           ^^^^^^^^^^^^ use of undeclared type or module `trans_schema`

error[E0437]: type `CustomData` is not a member of trait `codegame::Game`
   --> src/model/mod.rs:164:5
    |
164 |     type CustomData = CustomData;
    |     ^^^^^^^^^^^^^^^^^^^^^^^^^^^^^ not a member of trait `codegame::Game`

error[E0425]: cannot find function `text` in module `ui`
  --> src/keyboard_player.rs:55:22
   |
55 |         let ui = ui::text(
   |                      ^^^^ not found in `ui`

error[E0412]: cannot find type `TextButton` in module `ui`
  --> src/model/options.rs:32:31
   |
32 |         team_size_button: ui::TextButton,
   |                               ^^^^^^^^^^ not found in `ui`

error[E0412]: cannot find type `TextButton` in module `ui`
  --> src/model/options.rs:34:27
   |
34 |         level_button: ui::TextButton,
   |                           ^^^^^^^^^^ not found in `ui`

error[E0412]: cannot find type `TextButton` in module `ui`
  --> src/model/options.rs:36:34
   |
36 |         level_editor_button: ui::TextButton,
   |                                  ^^^^^^^^^^ not found in `ui`

error[E0425]: cannot find function `text` in this scope
  --> src/model/options.rs:92:21
   |
92 |                     text(translate("Team size:"), &self.theme.font, 32.0, Color::GRAY)
   |                     ^^^^ not found in this scope

error[E0425]: cannot find function `text` in this scope
   --> src/model/options.rs:104:21
    |
104 |                     text(translate("Level:"), &self.theme.font, 32.0, Color::GRAY)
    |                     ^^^^ not found in this scope

error[E0405]: cannot find trait `Schematic` in this scope
   --> src/model/mod.rs:127:6
    |
127 | impl Schematic for ActionWrapper {
    |      ^^^^^^^^^ not found in this scope

error[E0425]: cannot find function `text` in module `ui`
   --> src/quickstart_player.rs:107:26
    |
107 |             let ui = ui::text(
    |                          ^^^^ not found in `ui`

error[E0425]: cannot find function `text` in this scope
  --> src/random_player.rs:87:17
   |
87 |                 text(
   |                 ^^^^ not found in this scope

error[E0405]: cannot find trait `RendererExtraData` in crate `codegame`
   --> src/renderer/mod.rs:193:16
    |
193 | impl codegame::RendererExtraData<model::Game> for RendererExtraData {
    |                ^^^^^^^^^^^^^^^^^ help: a trait with a similar name exists: `RendererData`
    | 
   ::: /home/rusherrg/.cargo/git/checkouts/codegame-b134652e7273fc39/28af83a/src/lib.rs:139:1
    |
139 | pub trait RendererData<G: Game>: Diff {
    | ------------------------------------- similarly named trait `RendererData` defined here

error[E0423]: expected function, found module `geng::logger`
   --> src/lib.rs:353:33
    |
353 |     logger::add_logger(Box::new(geng::logger()));
    |                                 ^^^^^^^^^^^^ not a function
    |
help: consider importing this function instead
    |
1   | use crate::log::logger;
    |

error[E0603]: module `logger` is private
   --> src/lib.rs:353:39
    |
353 |     logger::add_logger(Box::new(geng::logger()));
    |                                       ^^^^^^ private module
    |
note: the module `logger` is defined here
   --> /home/rusherrg/.cargo/registry/src/github.com-1ecc6299db9ec823/geng-0.7.0-alpha.0/src/lib.rs:12:5
    |
12  | use crate::prelude::*;
    |     ^^^^^^^^^^^^^^^^^

error: aborting due to 45 previous errors

Some errors have detailed explanations: E0405, E0412, E0423, E0425, E0433, E0437, E0603.
For more information about an error, try `rustc --explain E0405`.
error: could not compile `aicup2019`.

To learn more, run the command again with --verbose.